<?xml version="1.0" encoding="UTF-8"?>
<!-- Generated by org.testng.reporters.JUnitReportReporter -->
<testsuite hostname="Lenovo-PC" failures="0" tests="3" name="com.TestNG_SampleA.SampleA" time="0.183" errors="0" timestamp="2024-05-06T15:27:16 IST" skipped="0">
  <testcase classname="com.TestNG_SampleA.SampleA" name="f" time="0.031"/>
  <testcase classname="com.TestNG_SampleA.SampleA" name="AtTest1" time="0.141"/>
  <testcase classname="com.TestNG_SampleA.SampleA" name="AtTest2" time="0.011"/>
</testsuite> <!-- com.TestNG_SampleA.SampleA -->
