<?xml version="1.0" encoding="UTF-8"?>
<!-- Generated by org.testng.reporters.JUnitReportReporter -->
<testsuite hostname="Lenovo-PC" failures="0" tests="6" name="com.TestNG_SampleA.SampleB" time="0.074" errors="0" timestamp="2024-06-05T14:13:15 IST" skipped="0">
  <testcase classname="com.TestNG_SampleA.SampleB" name="Test1" time="0.035"/>
  <testcase classname="com.TestNG_SampleA.SampleB" name="Test2" time="0.006"/>
  <testcase classname="com.TestNG_SampleA.SampleB" name="Test3" time="0.006"/>
  <testcase classname="com.TestNG_SampleA.SampleB" name="Test4" time="0.007"/>
  <testcase classname="com.TestNG_SampleA.SampleB" name="Test5" time="0.014"/>
  <testcase classname="com.TestNG_SampleA.SampleB" name="Test6" time="0.006"/>
</testsuite> <!-- com.TestNG_SampleA.SampleB -->
